   1              		.cpu arm7tdmi
   2              		.fpu softvfp
   3              		.eabi_attribute 20, 1
   4              		.eabi_attribute 21, 1
   5              		.eabi_attribute 23, 3
   6              		.eabi_attribute 24, 1
   7              		.eabi_attribute 25, 1
   8              		.eabi_attribute 26, 1
   9              		.eabi_attribute 30, 6
  10              		.eabi_attribute 18, 4
  11              		.file	"main.c"
  21              	.Ltext0:
  22              		.file 1 "../main.c"
 2871              		.align	2
 2872              		.global	Main
 2874              	Main:
 2875              	.LFB0:
   1:../main.c     **** /*--- ficheros de cabecera ---*/
   2:../main.c     **** #include "44blib.h"
   3:../main.c     **** #include "44b.h"
   4:../main.c     **** #include "stdio.h"
   5:../main.c     **** /*--- funciones externas ---*/
   6:../main.c     **** extern void leds_off();
   7:../main.c     **** extern void led1_on();
   8:../main.c     **** extern void leds_switch();
   9:../main.c     **** extern void Eint4567_init(void);
  10:../main.c     **** //extern void sys_init();
  11:../main.c     **** /*--- declaracion de funciones ---*/
  12:../main.c     **** //void Main(void);
  13:../main.c     **** /*--- codigo de funciones ---*/
  14:../main.c     **** 
  15:../main.c     **** void Main(void)
  16:../main.c     **** {
 2876              		.loc 1 16 0
 2877              		.cfi_startproc
 2878              		@ Function supports interworking.
 2879              		@ args = 0, pretend = 0, frame = 0
 2880              		@ frame_needed = 1, uses_anonymous_args = 0
 2881 0000 0DC0A0E1 		mov	ip, sp
 2882              	.LCFI0:
 2883              		.cfi_def_cfa_register 12
 2884 0004 00D82DE9 		stmfd	sp!, {fp, ip, lr, pc}
 2885 0008 04B04CE2 		sub	fp, ip, #4
 2886              		.cfi_offset 14, -8
 2887              		.cfi_offset 13, -12
 2888              		.cfi_offset 11, -16
 2889              	.LCFI1:
 2890              		.cfi_def_cfa 11, 4
  17:../main.c     **** 	/* Inicializar controladores */
  18:../main.c     **** 	 rPCONG &= ~(1<<6 & 1<<7);
 2891              		.loc 1 18 0
 2892 000c 80309FE5 		ldr	r3, .L7
 2893 0010 7C209FE5 		ldr	r2, .L7
 2894 0014 002092E5 		ldr	r2, [r2, #0]
 2895 0018 002083E5 		str	r2, [r3, #0]
  19:../main.c     **** 	 rPUPG = 0;
 2896              		.loc 1 19 0
 2897 001c 74309FE5 		ldr	r3, .L7+4
 2898 0020 0020A0E3 		mov	r2, #0
 2899 0024 002083E5 		str	r2, [r3, #0]
  20:../main.c     **** 	//sys_init(); // Inicializacion de la placa, interrupciones y puertos
  21:../main.c     **** 	/* Establecer valor inicial de los LEDs */
  22:../main.c     **** 	leds_off();
 2900              		.loc 1 22 0
 2901 0028 FEFFFFEB 		bl	leds_off
  23:../main.c     **** 	led1_on();
 2902              		.loc 1 23 0
 2903 002c FEFFFFEB 		bl	led1_on
 2904 0030 000000EA 		b	.L5
 2905              	.L6:
  24:../main.c     **** 	while (1){
  25:../main.c     **** 		if ((rPDATG & (1<<6)) == 0 || (rPDATG & (1<<7)) == 0 ){
  26:../main.c     **** 			leds_switch();
  27:../main.c     **** 			//DelayMs(100);
  28:../main.c     **** 			while((rPDATG & (1<<6)) == 0 || (rPDATG & (1<<7)) == 0){}
  29:../main.c     **** 		}
  30:../main.c     **** 	}
 2906              		.loc 1 30 0
 2907 0034 0000A0E1 		mov	r0, r0	@ nop
 2908              	.L5:
  25:../main.c     **** 		if ((rPDATG & (1<<6)) == 0 || (rPDATG & (1<<7)) == 0 ){
 2909              		.loc 1 25 0
 2910 0038 5C309FE5 		ldr	r3, .L7+8
 2911 003c 003093E5 		ldr	r3, [r3, #0]
 2912 0040 403003E2 		and	r3, r3, #64
 2913 0044 000053E3 		cmp	r3, #0
 2914 0048 0400000A 		beq	.L2
  25:../main.c     **** 		if ((rPDATG & (1<<6)) == 0 || (rPDATG & (1<<7)) == 0 ){
 2915              		.loc 1 25 0 is_stmt 0 discriminator 1
 2916 004c 48309FE5 		ldr	r3, .L7+8
 2917 0050 003093E5 		ldr	r3, [r3, #0]
 2918 0054 803003E2 		and	r3, r3, #128
 2919 0058 000053E3 		cmp	r3, #0
 2920 005c F4FFFF1A 		bne	.L6
 2921              	.L2:
  26:../main.c     **** 			leds_switch();
 2922              		.loc 1 26 0 is_stmt 1
 2923 0060 FEFFFFEB 		bl	leds_switch
  28:../main.c     **** 			while((rPDATG & (1<<6)) == 0 || (rPDATG & (1<<7)) == 0){}
 2924              		.loc 1 28 0
 2925 0064 0000A0E1 		mov	r0, r0	@ nop
 2926              	.L4:
  28:../main.c     **** 			while((rPDATG & (1<<6)) == 0 || (rPDATG & (1<<7)) == 0){}
 2927              		.loc 1 28 0 is_stmt 0 discriminator 1
 2928 0068 2C309FE5 		ldr	r3, .L7+8
 2929 006c 003093E5 		ldr	r3, [r3, #0]
 2930 0070 403003E2 		and	r3, r3, #64
 2931 0074 000053E3 		cmp	r3, #0
 2932 0078 FAFFFF0A 		beq	.L4
  28:../main.c     **** 			while((rPDATG & (1<<6)) == 0 || (rPDATG & (1<<7)) == 0){}
 2933              		.loc 1 28 0 discriminator 2
 2934 007c 18309FE5 		ldr	r3, .L7+8
 2935 0080 003093E5 		ldr	r3, [r3, #0]
 2936 0084 803003E2 		and	r3, r3, #128
 2937 0088 000053E3 		cmp	r3, #0
 2938 008c F5FFFF0A 		beq	.L4
 2939              		.loc 1 30 0 is_stmt 1
 2940 0090 E8FFFFEA 		b	.L5
 2941              	.L8:
 2942              		.align	2
 2943              	.L7:
 2944 0094 4000D201 		.word	30539840
 2945 0098 4800D201 		.word	30539848
 2946 009c 4400D201 		.word	30539844
 2947              		.cfi_endproc
 2948              	.LFE0:
 2950              	.Letext0:
DEFINED SYMBOLS
                            *ABS*:00000000 main.c
C:\Users\USUARI~1\AppData\Local\Temp\ccauoXrW.s:2871   .text:00000000 $a
C:\Users\USUARI~1\AppData\Local\Temp\ccauoXrW.s:2874   .text:00000000 Main
C:\Users\USUARI~1\AppData\Local\Temp\ccauoXrW.s:2944   .text:00000094 $d
                     .debug_frame:00000010 $d

UNDEFINED SYMBOLS
leds_off
led1_on
leds_switch
